{
"contracts\\HelloWorld.sol":{"l":{},"path":"F:\\web3_learn\\3v1项目\\03-C2E-NFT\\nft\\contracts\\HelloWorld.sol","s":{},"b":{},"f":{},"fnMap":{},"statementMap":{},"branchMap":{}},
"contracts\\ICounter.sol":{"l":{},"path":"F:\\web3_learn\\3v1项目\\03-C2E-NFT\\nft\\contracts\\ICounter.sol","s":{},"b":{},"f":{"1":0},"fnMap":{"1":{"name":"increment","line":9,"loc":{"start":{"line":9,"column":4},"end":{"line":9,"column":47}}}},"statementMap":{},"branchMap":{}},
"contracts\\NFTMarketplace.sol":{"l":{"37":0,"46":13,"47":12,"48":11,"49":11,"50":11,"51":11,"60":11,"68":11,"70":11,"77":11,"82":2,"83":2,"84":2,"85":1,"86":1,"88":1,"90":1,"92":1,"93":1,"99":1,"100":1,"101":3,"104":3,"106":1,"111":1,"112":1,"113":3,"117":2,"120":1,"121":1,"122":1,"123":3,"127":2,"128":2,"131":1,"135":4,"141":4,"145":0,"149":8},"path":"F:\\web3_learn\\3v1项目\\03-C2E-NFT\\nft\\contracts\\NFTMarketplace.sol","s":{"1":13,"2":12,"3":11,"4":11,"5":11,"6":11,"7":11,"8":11,"9":11,"10":2,"11":2,"12":2,"13":1,"14":1,"15":1,"16":1,"17":1,"18":1,"19":1,"20":3,"21":1,"22":1,"23":1,"24":3,"25":1,"26":1,"27":1,"28":3,"29":1,"30":4,"31":4,"32":0,"33":8},"b":{"1":[0,0],"2":[12,1],"3":[11,1],"4":[2,0],"5":[1,1],"6":[2,1],"7":[2,0],"8":[2,1],"9":[2,0]},"f":{"1":24,"2":0,"3":13,"4":2,"5":1,"6":1,"7":4,"8":4,"9":0,"10":8},"fnMap":{"1":{"name":"constructor","line":33,"loc":{"start":{"line":33,"column":4},"end":{"line":33,"column":62}}},"2":{"name":"updateListedPrice","line":36,"loc":{"start":{"line":36,"column":4},"end":{"line":38,"column":4}}},"3":{"name":"createToken","line":42,"loc":{"start":{"line":42,"column":4},"end":{"line":78,"column":4}}},"4":{"name":"executeSale","line":81,"loc":{"start":{"line":81,"column":4},"end":{"line":94,"column":4}}},"5":{"name":"getAllNFTS","line":98,"loc":{"start":{"line":98,"column":4},"end":{"line":107,"column":4}}},"6":{"name":"getMyNFTS","line":110,"loc":{"start":{"line":110,"column":4},"end":{"line":132,"column":4}}},"7":{"name":"getLastIdToListedToken","line":134,"loc":{"start":{"line":134,"column":4},"end":{"line":136,"column":4}}},"8":{"name":"getListedTokenForId","line":138,"loc":{"start":{"line":138,"column":4},"end":{"line":142,"column":4}}},"9":{"name":"getCurrentToken","line":144,"loc":{"start":{"line":144,"column":4},"end":{"line":146,"column":4}}},"10":{"name":"getListPrice","line":148,"loc":{"start":{"line":148,"column":4},"end":{"line":150,"column":4}}}},"statementMap":{"1":{"start":{"line":46,"column":8},"end":{"line":46,"column":57}},"2":{"start":{"line":47,"column":8},"end":{"line":47,"column":62}},"3":{"start":{"line":48,"column":8},"end":{"line":48,"column":28}},"4":{"start":{"line":49,"column":8},"end":{"line":49,"column":48}},"5":{"start":{"line":50,"column":8},"end":{"line":50,"column":40}},"6":{"start":{"line":51,"column":8},"end":{"line":51,"column":41}},"7":{"start":{"line":68,"column":8},"end":{"line":68,"column":55}},"8":{"start":{"line":70,"column":8},"end":{"line":70,"column":2093}},"9":{"start":{"line":77,"column":8},"end":{"line":77,"column":25}},"10":{"start":{"line":82,"column":8},"end":{"line":82,"column":60}},"11":{"start":{"line":83,"column":8},"end":{"line":83,"column":51}},"12":{"start":{"line":84,"column":8},"end":{"line":84,"column":59}},"13":{"start":{"line":85,"column":8},"end":{"line":85,"column":45}},"14":{"start":{"line":88,"column":8},"end":{"line":88,"column":50}},"15":{"start":{"line":90,"column":8},"end":{"line":90,"column":35}},"16":{"start":{"line":92,"column":8},"end":{"line":92,"column":43}},"17":{"start":{"line":93,"column":8},"end":{"line":93,"column":29}},"18":{"start":{"line":99,"column":8},"end":{"line":99,"column":74}},"19":{"start":{"line":100,"column":8},"end":{"line":100,"column":3001}},"20":{"start":{"line":101,"column":12},"end":{"line":101,"column":56}},"21":{"start":{"line":106,"column":8},"end":{"line":106,"column":19}},"22":{"start":{"line":111,"column":8},"end":{"line":111,"column":22}},"23":{"start":{"line":112,"column":8},"end":{"line":112,"column":3381}},"24":{"start":{"line":113,"column":12},"end":{"line":113,"column":3451}},"25":{"start":{"line":120,"column":8},"end":{"line":120,"column":60}},"26":{"start":{"line":121,"column":8},"end":{"line":121,"column":18}},"27":{"start":{"line":122,"column":8},"end":{"line":122,"column":3751}},"28":{"start":{"line":123,"column":12},"end":{"line":123,"column":3821}},"29":{"start":{"line":131,"column":8},"end":{"line":131,"column":19}},"30":{"start":{"line":135,"column":8},"end":{"line":135,"column":34}},"31":{"start":{"line":141,"column":8},"end":{"line":141,"column":40}},"32":{"start":{"line":145,"column":8},"end":{"line":145,"column":51}},"33":{"start":{"line":149,"column":8},"end":{"line":149,"column":24}}},"branchMap":{"1":{"line":36,"type":"if","locations":[{"start":{"line":36,"column":58},"end":{"line":36,"column":58}},{"start":{"line":36,"column":58},"end":{"line":36,"column":58}}]},"2":{"line":46,"type":"if","locations":[{"start":{"line":46,"column":8},"end":{"line":46,"column":8}},{"start":{"line":46,"column":8},"end":{"line":46,"column":8}}]},"3":{"line":47,"type":"if","locations":[{"start":{"line":47,"column":8},"end":{"line":47,"column":8}},{"start":{"line":47,"column":8},"end":{"line":47,"column":8}}]},"4":{"line":83,"type":"if","locations":[{"start":{"line":83,"column":8},"end":{"line":83,"column":8}},{"start":{"line":83,"column":8},"end":{"line":83,"column":8}}]},"5":{"line":84,"type":"if","locations":[{"start":{"line":84,"column":8},"end":{"line":84,"column":8}},{"start":{"line":84,"column":8},"end":{"line":84,"column":8}}]},"6":{"line":113,"type":"if","locations":[{"start":{"line":113,"column":12},"end":{"line":113,"column":12}},{"start":{"line":113,"column":12},"end":{"line":113,"column":12}}]},"7":{"line":114,"type":"cond-expr","locations":[{"start":{"line":114,"column":16},"end":{"line":114,"column":63}},{"start":{"line":115,"column":16},"end":{"line":115,"column":62}}]},"8":{"line":123,"type":"if","locations":[{"start":{"line":123,"column":12},"end":{"line":123,"column":12}},{"start":{"line":123,"column":12},"end":{"line":123,"column":12}}]},"9":{"line":124,"type":"cond-expr","locations":[{"start":{"line":124,"column":16},"end":{"line":124,"column":63}},{"start":{"line":125,"column":16},"end":{"line":125,"column":62}}]}}}}
