TN:
SF:F:\web3_learn\3v1项目\03-C2E-NFT\nft\contracts\HelloWorld.sol
FNF:0
FNH:0
LF:0
LH:0
BRF:0
BRH:0
end_of_record
TN:
SF:F:\web3_learn\3v1项目\03-C2E-NFT\nft\contracts\ICounter.sol
FN:9,increment
FNF:1
FNH:0
FNDA:0,increment
LF:0
LH:0
BRF:0
BRH:0
end_of_record
TN:
SF:F:\web3_learn\3v1项目\03-C2E-NFT\nft\contracts\NFTMarketplace.sol
FN:33,constructor
FN:36,updateListedPrice
FN:42,createToken
FN:81,executeSale
FN:98,getAllNFTS
FN:110,getMyNFTS
FN:134,getLastIdToListedToken
FN:138,getListedTokenForId
FN:144,getCurrentToken
FN:148,getListPrice
FNF:10
FNH:8
FNDA:24,constructor
FNDA:0,updateListedPrice
FNDA:13,createToken
FNDA:2,executeSale
FNDA:1,getAllNFTS
FNDA:1,getMyNFTS
FNDA:4,getLastIdToListedToken
FNDA:4,getListedTokenForId
FNDA:0,getCurrentToken
FNDA:8,getListPrice
DA:37,0
DA:46,13
DA:47,12
DA:48,11
DA:49,11
DA:50,11
DA:51,11
DA:60,11
DA:68,11
DA:70,11
DA:77,11
DA:82,2
DA:83,2
DA:84,2
DA:85,1
DA:86,1
DA:88,1
DA:90,1
DA:92,1
DA:93,1
DA:99,1
DA:100,1
DA:101,3
DA:104,3
DA:106,1
DA:111,1
DA:112,1
DA:113,3
DA:117,2
DA:120,1
DA:121,1
DA:122,1
DA:123,3
DA:127,2
DA:128,2
DA:131,1
DA:135,4
DA:141,4
DA:145,0
DA:149,8
LF:40
LH:38
BRDA:36,1,0,0
BRDA:36,1,1,0
BRDA:46,2,0,12
BRDA:46,2,1,1
BRDA:47,3,0,11
BRDA:47,3,1,1
BRDA:83,4,0,2
BRDA:83,4,1,0
BRDA:84,5,0,1
BRDA:84,5,1,1
BRDA:113,6,0,2
BRDA:113,6,1,1
BRDA:114,7,0,2
BRDA:114,7,1,0
BRDA:123,8,0,2
BRDA:123,8,1,1
BRDA:124,9,0,2
BRDA:124,9,1,0
BRF:18
BRH:13
end_of_record
